Nov 14 13:52 : update: added youtube/Being CHEATED by Koreans; Mindset for Competition - 'Reflections' with NaNiwa (SC2) (2nd Appearance).mp3
Nov 14 13:52 : update: added youtube/The Wonderfully Self-Flattering World Of Barack Obama _ Ep. 1137.mp3
Nov 15 22:24 : player: played "youtube/The Wonderfully Self-Flattering World Of Barack Obama _ Ep. 1137.mp3"
Nov 16 18:26 : player: played "youtube/The Wonderfully Self-Flattering World Of Barack Obama _ Ep. 1137.mp3"
Nov 16 21:31 : update: added youtube/youtube-dl RESTORED, Github & the EFF RESPOND!!.m4a
Nov 16 21:31 : update: added youtube/youtube-dl RESTORED, Github & the EFF RESPOND!!.mp3
Nov 16 21:31 : update: removing youtube/youtube-dl RESTORED, Github & the EFF RESPOND!!.m4a
Nov 16 21:31 : update: updating youtube/youtube-dl RESTORED, Github & the EFF RESPOND!!.mp3
Nov 16 22:27 : player: played "youtube/The Wonderfully Self-Flattering World Of Barack Obama _ Ep. 1137.mp3"
Nov 17 21:55 : player: played "youtube/The Wonderfully Self-Flattering World Of Barack Obama _ Ep. 1137.mp3"
Nov 19 20:02 : player: played "youtube/The Wonderfully Self-Flattering World Of Barack Obama _ Ep. 1137.mp3"
Nov 20 21:31 : update: added youtube/Twitch's DMCA Debacle.webm
Nov 20 21:31 : update: added youtube/Twitch's DMCA Debacle.mp3
Nov 20 21:32 : update: removing youtube/Twitch's DMCA Debacle.webm
Nov 20 21:32 : update: updating youtube/Twitch's DMCA Debacle.mp3
Nov 20 22:13 : player: played "youtube/Twitch's DMCA Debacle.mp3"
Nov 21 10:44 : update: added youtube/Companies lobby against legislation prohibiting slave labor.webm
Nov 21 10:44 : update: added youtube/Companies lobby against legislation prohibiting slave labor.mp3
Nov 21 10:45 : update: removing youtube/Companies lobby against legislation prohibiting slave labor.webm
Nov 21 10:45 : update: updating youtube/Companies lobby against legislation prohibiting slave labor.mp3
Nov 21 10:46 : update: added youtube/Valve BANNED You  Write Your OWN Story! - Banned Players Swim Against the Current (CS -GO).webm
Nov 21 10:46 : update: added youtube/Valve BANNED You  Write Your OWN Story! - Banned Players Swim Against the Current (CS -GO).mp3
Nov 21 10:46 : update: removing youtube/Valve BANNED You  Write Your OWN Story! - Banned Players Swim Against the Current (CS -GO).webm
Nov 21 10:46 : update: updating youtube/Valve BANNED You  Write Your OWN Story! - Banned Players Swim Against the Current (CS -GO).mp3
Nov 21 10:47 : update: added youtube/Jamppi's Lawsuit Against Valve Looks DEAD.webm
Nov 21 10:47 : update: added youtube/Jamppi's Lawsuit Against Valve Looks DEAD.mp3
Nov 21 10:47 : update: removing youtube/Jamppi's Lawsuit Against Valve Looks DEAD.webm
Nov 21 10:47 : update: updating youtube/Jamppi's Lawsuit Against Valve Looks DEAD.mp3
Nov 21 10:47 : update: added youtube/Jack on Breaking the Bank for Perkz - Talk to Thorin (LoL).mp3
Nov 21 10:47 : update: added youtube/Jack on Breaking the Bank for Perkz - Talk to Thorin (LoL).webm
Nov 21 10:48 : update: removing youtube/Jack on Breaking the Bank for Perkz - Talk to Thorin (LoL).webm
Nov 21 10:48 : update: updating youtube/Jack on Breaking the Bank for Perkz - Talk to Thorin (LoL).mp3
Nov 21 17:32 : player: played "youtube/Valve BANNED You  Write Your OWN Story! - Banned Players Swim Against the Current (CS -GO).mp3"
Nov 23 20:58 : exception: Failed to decode /home/tstarr/media/audio/youtube/Valve BANNED You  Write Your OWN Story! - Banned Players Swim Against the Current (CS -GO).mp3; Failed to open '/home/tstarr/media/audio/youtube/Valve BANNED You  Write Your OWN Story! - Banned Players Swim Against the Current (CS -GO).mp3': No such file or directory
Nov 23 20:58 : player: played "youtube/Valve BANNED You  Write Your OWN Story! - Banned Players Swim Against the Current (CS -GO).mp3"
Nov 23 20:59 : exception: Failed to decode /home/tstarr/media/audio/youtube/Jamppi's Lawsuit Against Valve Looks DEAD.mp3; Failed to open '/home/tstarr/media/audio/youtube/Jamppi's Lawsuit Against Valve Looks DEAD.mp3': No such file or directory
Nov 23 20:59 : player: played "youtube/Jamppi's Lawsuit Against Valve Looks DEAD.mp3"
Nov 23 20:59 : update: removing youtube/Being CHEATED by Koreans; Mindset for Competition - 'Reflections' with NaNiwa (SC2) (2nd Appearance).mp3
Nov 23 20:59 : update: removing youtube/Jamppi's Lawsuit Against Valve Looks DEAD.mp3
Nov 23 20:59 : update: removing youtube/Jack on Breaking the Bank for Perkz - Talk to Thorin (LoL).mp3
Nov 23 20:59 : update: removing youtube/Companies lobby against legislation prohibiting slave labor.mp3
Nov 23 20:59 : update: removing youtube/Twitch's DMCA Debacle.mp3
Nov 23 20:59 : update: removing youtube/The Wonderfully Self-Flattering World Of Barack Obama _ Ep. 1137.mp3
Nov 23 20:59 : update: removing youtube/Valve BANNED You  Write Your OWN Story! - Banned Players Swim Against the Current (CS -GO).mp3
Nov 23 20:59 : update: removing youtube/youtube-dl RESTORED, Github & the EFF RESPOND!!.mp3
Nov 23 20:59 : update: added youtube/Egalitarianism Vs. Utilitarianism - Differences EXPLAINED.mp3
Nov 23 20:59 : exception: Failed to open "My Pulse Output" (pulse); failed to connect: Connection refused
Nov 23 20:59 : exception: Failed to open "My Pulse Output" (pulse); failed to connect: Connection refused
Nov 23 20:59 : player: problems opening audio device while playing "youtube/Egalitarianism Vs. Utilitarianism - Differences EXPLAINED.mp3"
Nov 23 20:59 : exception: Failed to open "My Pulse Output" (pulse); failed to connect: Connection refused
Nov 23 20:59 : exception: Failed to open "My Pulse Output" (pulse); failed to connect: Connection refused
Nov 23 20:59 : player: played "youtube/Egalitarianism Vs. Utilitarianism - Differences EXPLAINED.mp3"
Nov 23 20:59 : exception: Failed to open "My Pulse Output" (pulse); failed to connect: Connection refused
Nov 23 20:59 : exception: Failed to open "My Pulse Output" (pulse); failed to connect: Connection refused
Nov 23 20:59 : player: problems opening audio device while playing "youtube/Egalitarianism Vs. Utilitarianism - Differences EXPLAINED.mp3"
Nov 23 20:59 : exception: Failed to open "My Pulse Output" (pulse); failed to connect: Connection refused
Nov 23 20:59 : exception: Failed to open "My Pulse Output" (pulse); failed to connect: Connection refused
Nov 23 20:59 : exception: Failed to open "My Pulse Output" (pulse); failed to connect: Connection refused
Nov 23 20:59 : exception: Failed to open "My Pulse Output" (pulse); failed to connect: Connection refused
Nov 23 20:59 : exception: Failed to open "My Pulse Output" (pulse); failed to connect: Connection refused
Nov 23 20:59 : exception: Failed to open "My Pulse Output" (pulse); failed to connect: Connection refused
Nov 23 20:59 : exception: Failed to open "My Pulse Output" (pulse); failed to connect: Connection refused
Nov 23 20:59 : exception: Failed to open "My Pulse Output" (pulse); failed to connect: Connection refused
Nov 23 20:59 : exception: Failed to open "My Pulse Output" (pulse); failed to connect: Connection refused
Nov 23 20:59 : exception: Failed to open "My Pulse Output" (pulse); failed to connect: Connection refused
Nov 23 20:59 : exception: Failed to open "My Pulse Output" (pulse); failed to connect: Connection refused
Nov 23 20:59 : exception: Failed to open "My Pulse Output" (pulse); failed to connect: Connection refused
Nov 23 20:59 : exception: Failed to open "My Pulse Output" (pulse); failed to connect: Connection refused
Nov 23 20:59 : exception: Failed to open "My Pulse Output" (pulse); failed to connect: Connection refused
Nov 23 20:59 : exception: Failed to open "My Pulse Output" (pulse); failed to connect: Connection refused
Nov 23 20:59 : exception: Failed to open "My Pulse Output" (pulse); failed to connect: Connection refused
Nov 23 20:59 : exception: Failed to open "My Pulse Output" (pulse); failed to connect: Connection refused
Nov 23 20:59 : exception: Failed to open "My Pulse Output" (pulse); failed to connect: Connection refused
Nov 23 20:59 : exception: Failed to open "My Pulse Output" (pulse); failed to connect: Connection refused
Nov 23 20:59 : exception: Failed to open "My Pulse Output" (pulse); failed to connect: Connection refused
Nov 23 21:00 : exception: Failed to open "My Pulse Output" (pulse); failed to connect: Connection refused
Nov 23 21:00 : exception: Failed to open "My Pulse Output" (pulse); failed to connect: Connection refused
Nov 23 21:00 : exception: Failed to open "My Pulse Output" (pulse); failed to connect: Connection refused
Nov 23 21:00 : exception: Failed to open "My Pulse Output" (pulse); failed to connect: Connection refused
Nov 23 21:00 : exception: Failed to open "My Pulse Output" (pulse); failed to connect: Connection refused
Nov 23 21:00 : exception: Failed to open "My Pulse Output" (pulse); failed to connect: Connection refused
Nov 23 21:00 : exception: Failed to open "My Pulse Output" (pulse); failed to connect: Connection refused
Nov 23 21:00 : exception: Failed to open "My Pulse Output" (pulse); failed to connect: Connection refused
Nov 23 21:00 : exception: Failed to open "My Pulse Output" (pulse); failed to connect: Connection refused
Nov 23 21:00 : exception: Failed to open "My Pulse Output" (pulse); failed to connect: Connection refused
Nov 23 21:00 : exception: Failed to open "My Pulse Output" (pulse); failed to connect: Connection refused
Nov 23 21:00 : exception: Failed to open "My Pulse Output" (pulse); failed to connect: Connection refused
Nov 23 21:00 : exception: Failed to open "My Pulse Output" (pulse); failed to connect: Connection refused
Nov 23 21:00 : exception: Failed to open "My Pulse Output" (pulse); failed to connect: Connection refused
Nov 23 21:00 : exception: Failed to open "My Pulse Output" (pulse); failed to connect: Connection refused
Nov 23 21:00 : exception: Failed to open "My Pulse Output" (pulse); failed to connect: Connection refused
Nov 23 21:00 : exception: Failed to open "My Pulse Output" (pulse); failed to connect: Connection refused
Nov 23 21:00 : exception: Failed to open "My Pulse Output" (pulse); failed to connect: Connection refused
Nov 23 21:01 : update: updating youtube/Egalitarianism Vs. Utilitarianism - Differences EXPLAINED.mp3
Nov 23 21:01 : update: added youtube/Egalitarianism Vs. Utilitarianism - Differences EXPLAINED.webm
Nov 23 21:01 : update: updating youtube/Egalitarianism Vs. Utilitarianism - Differences EXPLAINED.mp3
Nov 23 21:01 : update: removing youtube/Egalitarianism Vs. Utilitarianism - Differences EXPLAINED.webm
Nov 23 21:03 : player: played "youtube/Egalitarianism Vs. Utilitarianism - Differences EXPLAINED.mp3"
Nov 23 21:03 : exception: Failed to open "pulse audio" (pulse); failed to connect: Connection refused
Nov 23 21:03 : exception: Failed to open "pulse audio" (pulse); failed to connect: Connection refused
Nov 23 21:03 : exception: Failed to open "pulse audio" (pulse); failed to connect: Connection refused
Nov 23 21:03 : exception: Failed to open "pulse audio" (pulse); failed to connect: Connection refused
Nov 23 21:03 : exception: Failed to open "pulse audio" (pulse); failed to connect: Connection refused
Nov 23 21:03 : exception: Failed to open "pulse audio" (pulse); failed to connect: Connection refused
Nov 23 21:03 : exception: Failed to open "pulse audio" (pulse); failed to connect: Connection refused
Nov 23 21:03 : exception: Failed to open "pulse audio" (pulse); failed to connect: Connection refused
Nov 23 21:03 : exception: Failed to open "pulse audio" (pulse); failed to connect: Connection refused
Nov 23 21:03 : exception: Failed to open "pulse audio" (pulse); failed to connect: Connection refused
Nov 23 21:03 : player: played "youtube/Egalitarianism Vs. Utilitarianism - Differences EXPLAINED.mp3"
Nov 23 21:04 : exception: Failed to open "My Pulse Output" (pulse); failed to connect: Connection refused
Nov 23 21:04 : exception: Failed to open "My Pulse Output" (pulse); failed to connect: Connection refused
Nov 23 21:10 : player: played "youtube/Egalitarianism Vs. Utilitarianism - Differences EXPLAINED.mp3"
Nov 23 21:13 : player: played "youtube/Egalitarianism Vs. Utilitarianism - Differences EXPLAINED.mp3"
Nov 23 21:24 : player: played "youtube/Egalitarianism Vs. Utilitarianism - Differences EXPLAINED.mp3"
Nov 23 22:26 : player: played "youtube/Egalitarianism Vs. Utilitarianism - Differences EXPLAINED.mp3"
Nov 24 20:59 : player: played "youtube/Egalitarianism Vs. Utilitarianism - Differences EXPLAINED.mp3"
Nov 24 21:01 : player: played "youtube/Egalitarianism Vs. Utilitarianism - Differences EXPLAINED.mp3"
Nov 25 21:20 : player: played "youtube/Egalitarianism Vs. Utilitarianism - Differences EXPLAINED.mp3"
Dec 06 18:59 : player: played "youtube/Egalitarianism Vs. Utilitarianism - Differences EXPLAINED.mp3"
Dec 07 00:43 : player: played "youtube/Egalitarianism Vs. Utilitarianism - Differences EXPLAINED.mp3"
Dec 07 23:37 : player: played "youtube/Egalitarianism Vs. Utilitarianism - Differences EXPLAINED.mp3"
Dec 08 23:43 : player: played "youtube/Egalitarianism Vs. Utilitarianism - Differences EXPLAINED.mp3"
Dec 09 21:14 : player: played "youtube/Egalitarianism Vs. Utilitarianism - Differences EXPLAINED.mp3"
Dec 09 22:49 : player: played "youtube/Egalitarianism Vs. Utilitarianism - Differences EXPLAINED.mp3"
Dec 10 23:20 : player: played "youtube/Egalitarianism Vs. Utilitarianism - Differences EXPLAINED.mp3"
Dec 11 22:57 : player: played "youtube/Egalitarianism Vs. Utilitarianism - Differences EXPLAINED.mp3"
